[23:05:05,359] INFO [org.hibernate.orm.connections.pooling: 157] HHH10001005: Database info:
	Database JDBC URL [jdbc:postgresql://localhost:5432/test]
	Database driver: org.postgresql.Driver
	Database version: 17.2
	Autocommit mode: false
	Isolation level: undefined/unknown
	Minimum pool size: 1
	Maximum pool size: 20
[23:05:05,414] INFO [org.hibernate.envers.boot.internal.EnversServiceImpl: 76] Envers integration enabled? : true
[23:05:07,640] WARN [org.hibernate.orm.cache: 108] HHH90001006: Missing cache[default-update-timestamps-region] was created on-the-fly. The created cache will use a provider-specific default configuration: make sure you defined one. You can disable this warning by setting 'hibernate.javax.cache.missing_cache_strategy' to 'create'.
[23:05:07,673] WARN [org.hibernate.orm.cache: 108] HHH90001006: Missing cache[default-query-results-region] was created on-the-fly. The created cache will use a provider-specific default configuration: make sure you defined one. You can disable this warning by setting 'hibernate.javax.cache.missing_cache_strategy' to 'create'.
[23:05:07,703] WARN [org.hibernate.orm.cache: 108] HHH90001006: Missing cache[net.aspect.education.hibernate.entity.User] was created on-the-fly. The created cache will use a provider-specific default configuration: make sure you defined one. You can disable this warning by setting 'hibernate.javax.cache.missing_cache_strategy' to 'create'.
[23:05:28,830] INFO [org.hibernate.Version: 44] HHH000412: Hibernate ORM core version 6.6.13.Final
[23:05:29,320] INFO [org.hibernate.cache.internal.RegionFactoryInitiator: 53] HHH000025: Second-level cache region factory [org.hibernate.cache.jcache.internal.JCacheRegionFactory]
[23:05:29,483] WARN [org.hibernate.orm.connections.pooling: 86] HHH10001002: Using built-in connection pool (not intended for production use)
[23:05:29,958] INFO [org.hibernate.orm.connections.pooling: 157] HHH10001005: Database info:
	Database JDBC URL [jdbc:postgresql://localhost:5432/test]
	Database driver: org.postgresql.Driver
	Database version: 17.2
	Autocommit mode: false
	Isolation level: undefined/unknown
	Minimum pool size: 1
	Maximum pool size: 20
[23:05:29,991] INFO [org.hibernate.envers.boot.internal.EnversServiceImpl: 76] Envers integration enabled? : true
[23:05:31,203] WARN [org.hibernate.orm.cache: 108] HHH90001006: Missing cache[default-update-timestamps-region] was created on-the-fly. The created cache will use a provider-specific default configuration: make sure you defined one. You can disable this warning by setting 'hibernate.javax.cache.missing_cache_strategy' to 'create'.
[23:05:31,224] WARN [org.hibernate.orm.cache: 108] HHH90001006: Missing cache[default-query-results-region] was created on-the-fly. The created cache will use a provider-specific default configuration: make sure you defined one. You can disable this warning by setting 'hibernate.javax.cache.missing_cache_strategy' to 'create'.
[23:05:31,245] WARN [org.hibernate.orm.cache: 108] HHH90001006: Missing cache[net.aspect.education.hibernate.entity.User] was created on-the-fly. The created cache will use a provider-specific default configuration: make sure you defined one. You can disable this warning by setting 'hibernate.javax.cache.missing_cache_strategy' to 'create'.
[23:06:43,438] INFO [org.hibernate.Version: 44] HHH000412: Hibernate ORM core version 6.6.13.Final
[23:06:44,331] INFO [org.hibernate.cache.internal.RegionFactoryInitiator: 53] HHH000025: Second-level cache region factory [org.hibernate.cache.jcache.internal.JCacheRegionFactory]
[23:06:44,823] WARN [org.hibernate.orm.connections.pooling: 86] HHH10001002: Using built-in connection pool (not intended for production use)
[23:06:45,983] INFO [org.hibernate.orm.connections.pooling: 157] HHH10001005: Database info:
	Database JDBC URL [jdbc:postgresql://localhost:5432/test]
	Database driver: org.postgresql.Driver
	Database version: 17.2
	Autocommit mode: false
	Isolation level: undefined/unknown
	Minimum pool size: 1
	Maximum pool size: 20
[23:06:46,070] INFO [org.hibernate.envers.boot.internal.EnversServiceImpl: 76] Envers integration enabled? : true
[23:06:49,244] WARN [org.hibernate.orm.cache: 108] HHH90001006: Missing cache[default-update-timestamps-region] was created on-the-fly. The created cache will use a provider-specific default configuration: make sure you defined one. You can disable this warning by setting 'hibernate.javax.cache.missing_cache_strategy' to 'create'.
[23:06:49,296] WARN [org.hibernate.orm.cache: 108] HHH90001006: Missing cache[default-query-results-region] was created on-the-fly. The created cache will use a provider-specific default configuration: make sure you defined one. You can disable this warning by setting 'hibernate.javax.cache.missing_cache_strategy' to 'create'.
[23:06:49,330] WARN [org.hibernate.orm.cache: 108] HHH90001006: Missing cache[net.aspect.education.hibernate.entity.User] was created on-the-fly. The created cache will use a provider-specific default configuration: make sure you defined one. You can disable this warning by setting 'hibernate.javax.cache.missing_cache_strategy' to 'create'.
[23:08:20,547] INFO [org.hibernate.Version: 44] HHH000412: Hibernate ORM core version 6.6.13.Final
[23:08:21,473] INFO [org.hibernate.cache.internal.RegionFactoryInitiator: 53] HHH000025: Second-level cache region factory [org.hibernate.cache.jcache.internal.JCacheRegionFactory]
[23:08:21,938] WARN [org.hibernate.orm.connections.pooling: 86] HHH10001002: Using built-in connection pool (not intended for production use)
[23:08:22,725] INFO [org.hibernate.orm.connections.pooling: 157] HHH10001005: Database info:
	Database JDBC URL [jdbc:postgresql://localhost:5432/test]
	Database driver: org.postgresql.Driver
	Database version: 17.2
	Autocommit mode: false
	Isolation level: undefined/unknown
	Minimum pool size: 1
	Maximum pool size: 20
[23:08:22,788] INFO [org.hibernate.envers.boot.internal.EnversServiceImpl: 76] Envers integration enabled? : true
[23:08:25,716] WARN [org.hibernate.orm.cache: 108] HHH90001006: Missing cache[default-update-timestamps-region] was created on-the-fly. The created cache will use a provider-specific default configuration: make sure you defined one. You can disable this warning by setting 'hibernate.javax.cache.missing_cache_strategy' to 'create'.
[23:08:25,765] WARN [org.hibernate.orm.cache: 108] HHH90001006: Missing cache[default-query-results-region] was created on-the-fly. The created cache will use a provider-specific default configuration: make sure you defined one. You can disable this warning by setting 'hibernate.javax.cache.missing_cache_strategy' to 'create'.
[23:08:25,803] WARN [org.hibernate.orm.cache: 108] HHH90001006: Missing cache[net.aspect.education.hibernate.entity.User] was created on-the-fly. The created cache will use a provider-specific default configuration: make sure you defined one. You can disable this warning by setting 'hibernate.javax.cache.missing_cache_strategy' to 'create'.
[23:09:20,378] INFO [org.hibernate.Version: 44] HHH000412: Hibernate ORM core version 6.6.13.Final
[23:09:21,156] INFO [org.hibernate.cache.internal.RegionFactoryInitiator: 53] HHH000025: Second-level cache region factory [org.hibernate.cache.jcache.internal.JCacheRegionFactory]
[23:09:21,543] WARN [org.hibernate.orm.connections.pooling: 86] HHH10001002: Using built-in connection pool (not intended for production use)
[23:09:22,412] INFO [org.hibernate.orm.connections.pooling: 157] HHH10001005: Database info:
	Database JDBC URL [jdbc:postgresql://localhost:5432/test]
	Database driver: org.postgresql.Driver
	Database version: 17.2
	Autocommit mode: false
	Isolation level: undefined/unknown
	Minimum pool size: 1
	Maximum pool size: 20
[23:09:22,475] INFO [org.hibernate.envers.boot.internal.EnversServiceImpl: 76] Envers integration enabled? : true
[23:09:29,596] WARN [org.hibernate.orm.cache: 108] HHH90001006: Missing cache[default-update-timestamps-region] was created on-the-fly. The created cache will use a provider-specific default configuration: make sure you defined one. You can disable this warning by setting 'hibernate.javax.cache.missing_cache_strategy' to 'create'.
[23:09:29,642] WARN [org.hibernate.orm.cache: 108] HHH90001006: Missing cache[default-query-results-region] was created on-the-fly. The created cache will use a provider-specific default configuration: make sure you defined one. You can disable this warning by setting 'hibernate.javax.cache.missing_cache_strategy' to 'create'.
[23:09:29,677] WARN [org.hibernate.orm.cache: 108] HHH90001006: Missing cache[net.aspect.education.hibernate.entity.User] was created on-the-fly. The created cache will use a provider-specific default configuration: make sure you defined one. You can disable this warning by setting 'hibernate.javax.cache.missing_cache_strategy' to 'create'.
[23:11:41,685] INFO [org.hibernate.Version: 44] HHH000412: Hibernate ORM core version 6.6.13.Final
[23:11:42,159] INFO [org.hibernate.cache.internal.RegionFactoryInitiator: 53] HHH000025: Second-level cache region factory [org.hibernate.cache.jcache.internal.JCacheRegionFactory]
[23:11:42,335] WARN [org.hibernate.orm.connections.pooling: 86] HHH10001002: Using built-in connection pool (not intended for production use)
[23:11:42,822] INFO [org.hibernate.orm.connections.pooling: 157] HHH10001005: Database info:
	Database JDBC URL [jdbc:postgresql://localhost:5432/test]
	Database driver: org.postgresql.Driver
	Database version: 17.2
	Autocommit mode: false
	Isolation level: undefined/unknown
	Minimum pool size: 1
	Maximum pool size: 20
[23:11:42,850] INFO [org.hibernate.envers.boot.internal.EnversServiceImpl: 76] Envers integration enabled? : true
[23:11:44,164] WARN [org.hibernate.orm.cache: 108] HHH90001006: Missing cache[default-update-timestamps-region] was created on-the-fly. The created cache will use a provider-specific default configuration: make sure you defined one. You can disable this warning by setting 'hibernate.javax.cache.missing_cache_strategy' to 'create'.
[23:11:44,182] WARN [org.hibernate.orm.cache: 108] HHH90001006: Missing cache[default-query-results-region] was created on-the-fly. The created cache will use a provider-specific default configuration: make sure you defined one. You can disable this warning by setting 'hibernate.javax.cache.missing_cache_strategy' to 'create'.
[23:11:44,198] WARN [org.hibernate.orm.cache: 108] HHH90001006: Missing cache[net.aspect.education.hibernate.entity.User] was created on-the-fly. The created cache will use a provider-specific default configuration: make sure you defined one. You can disable this warning by setting 'hibernate.javax.cache.missing_cache_strategy' to 'create'.
[23:11:45,142] ERROR [org.hibernate.orm.connections.pooling: 483] Connection leak detected: there are 1 unclosed connections upon shutting down pool jdbc:postgresql://localhost:5432/test
[23:11:45,143] ERROR [org.hibernate.orm.connections.pooling: 311] Connection leak detected: there are 1 unclosed connections
[23:11:59,378] INFO [org.hibernate.Version: 44] HHH000412: Hibernate ORM core version 6.6.13.Final
[23:11:59,920] INFO [org.hibernate.cache.internal.RegionFactoryInitiator: 53] HHH000025: Second-level cache region factory [org.hibernate.cache.jcache.internal.JCacheRegionFactory]
[23:12:00,094] WARN [org.hibernate.orm.connections.pooling: 86] HHH10001002: Using built-in connection pool (not intended for production use)
[23:12:00,569] INFO [org.hibernate.orm.connections.pooling: 157] HHH10001005: Database info:
	Database JDBC URL [jdbc:postgresql://localhost:5432/test]
	Database driver: org.postgresql.Driver
	Database version: 17.2
	Autocommit mode: false
	Isolation level: undefined/unknown
	Minimum pool size: 1
	Maximum pool size: 20
[23:12:00,599] INFO [org.hibernate.envers.boot.internal.EnversServiceImpl: 76] Envers integration enabled? : true
[23:12:01,789] WARN [org.hibernate.orm.cache: 108] HHH90001006: Missing cache[default-update-timestamps-region] was created on-the-fly. The created cache will use a provider-specific default configuration: make sure you defined one. You can disable this warning by setting 'hibernate.javax.cache.missing_cache_strategy' to 'create'.
[23:12:01,806] WARN [org.hibernate.orm.cache: 108] HHH90001006: Missing cache[default-query-results-region] was created on-the-fly. The created cache will use a provider-specific default configuration: make sure you defined one. You can disable this warning by setting 'hibernate.javax.cache.missing_cache_strategy' to 'create'.
[23:12:01,823] WARN [org.hibernate.orm.cache: 108] HHH90001006: Missing cache[net.aspect.education.hibernate.entity.User] was created on-the-fly. The created cache will use a provider-specific default configuration: make sure you defined one. You can disable this warning by setting 'hibernate.javax.cache.missing_cache_strategy' to 'create'.
[23:12:02,882] WARN [org.hibernate.engine.jdbc.spi.SqlExceptionHelper: 145] SQL Error: 0, SQLState: 23503
[23:12:02,882] ERROR [org.hibernate.engine.jdbc.spi.SqlExceptionHelper: 150] ОШИБКА: UPDATE или DELETE в таблице "users" нарушает ограничение внешнего ключа "fks3ufuyecnucmu8dbeodxq7l80" таблицы "payments"
  Подробности: На ключ (id)=(2) всё ещё есть ссылки в таблице "payments".
[23:12:02,896] ERROR [org.hibernate.orm.connections.pooling: 483] Connection leak detected: there are 1 unclosed connections upon shutting down pool jdbc:postgresql://localhost:5432/test
[23:12:02,897] ERROR [org.hibernate.orm.connections.pooling: 311] Connection leak detected: there are 1 unclosed connections
[23:12:28,323] INFO [org.hibernate.Version: 44] HHH000412: Hibernate ORM core version 6.6.13.Final
[23:12:28,748] INFO [org.hibernate.cache.internal.RegionFactoryInitiator: 53] HHH000025: Second-level cache region factory [org.hibernate.cache.jcache.internal.JCacheRegionFactory]
[23:12:28,894] WARN [org.hibernate.orm.connections.pooling: 86] HHH10001002: Using built-in connection pool (not intended for production use)
[23:12:29,276] INFO [org.hibernate.orm.connections.pooling: 157] HHH10001005: Database info:
	Database JDBC URL [jdbc:postgresql://localhost:5432/test]
	Database driver: org.postgresql.Driver
	Database version: 17.2
	Autocommit mode: false
	Isolation level: undefined/unknown
	Minimum pool size: 1
	Maximum pool size: 20
[23:12:29,312] INFO [org.hibernate.envers.boot.internal.EnversServiceImpl: 76] Envers integration enabled? : true
[23:12:30,526] WARN [org.hibernate.orm.cache: 108] HHH90001006: Missing cache[default-update-timestamps-region] was created on-the-fly. The created cache will use a provider-specific default configuration: make sure you defined one. You can disable this warning by setting 'hibernate.javax.cache.missing_cache_strategy' to 'create'.
[23:12:30,547] WARN [org.hibernate.orm.cache: 108] HHH90001006: Missing cache[default-query-results-region] was created on-the-fly. The created cache will use a provider-specific default configuration: make sure you defined one. You can disable this warning by setting 'hibernate.javax.cache.missing_cache_strategy' to 'create'.
[23:12:30,566] WARN [org.hibernate.orm.cache: 108] HHH90001006: Missing cache[net.aspect.education.hibernate.entity.User] was created on-the-fly. The created cache will use a provider-specific default configuration: make sure you defined one. You can disable this warning by setting 'hibernate.javax.cache.missing_cache_strategy' to 'create'.
[23:12:31,648] ERROR [org.hibernate.orm.connections.pooling: 483] Connection leak detected: there are 1 unclosed connections upon shutting down pool jdbc:postgresql://localhost:5432/test
[23:12:31,648] ERROR [org.hibernate.orm.connections.pooling: 311] Connection leak detected: there are 1 unclosed connections
